{"/home/bentojulio/PERSONAL PROJECTS/fullcycle30/ddd-patterns/src/entities/customer.ts": {"path":"/home/bentojulio/PERSONAL PROJECTS/fullcycle30/ddd-patterns/src/entities/customer.ts","all":false,"statementMap":{"0":{"start":{"line":1,"column":0},"end":{"line":1,"column":31}},"1":{"start":{"line":2,"column":0},"end":{"line":2,"column":16}},"2":{"start":{"line":3,"column":0},"end":{"line":3,"column":27}},"3":{"start":{"line":4,"column":0},"end":{"line":4,"column":28}},"4":{"start":{"line":5,"column":0},"end":{"line":5,"column":7}},"5":{"start":{"line":6,"column":0},"end":{"line":6,"column":23}},"6":{"start":{"line":7,"column":0},"end":{"line":7,"column":5}},"7":{"start":{"line":8,"column":0},"end":{"line":8,"column":0}},"8":{"start":{"line":9,"column":0},"end":{"line":9,"column":16}},"9":{"start":{"line":10,"column":0},"end":{"line":10,"column":30}},"10":{"start":{"line":11,"column":0},"end":{"line":11,"column":43}},"11":{"start":{"line":12,"column":0},"end":{"line":12,"column":9}},"12":{"start":{"line":13,"column":0},"end":{"line":13,"column":28}},"13":{"start":{"line":14,"column":0},"end":{"line":14,"column":41}},"14":{"start":{"line":15,"column":0},"end":{"line":15,"column":9}},"15":{"start":{"line":16,"column":0},"end":{"line":16,"column":5}},"16":{"start":{"line":17,"column":0},"end":{"line":17,"column":1}}},"s":{"0":1,"1":1,"2":2,"3":2,"4":2,"5":2,"6":2,"7":1,"8":1,"9":2,"10":0,"11":0,"12":2,"13":1,"14":1,"15":2,"16":1},"branchMap":{"0":{"type":"branch","line":2,"loc":{"start":{"line":2,"column":4},"end":{"line":7,"column":5}},"locations":[{"start":{"line":2,"column":4},"end":{"line":7,"column":5}}]},"1":{"type":"branch","line":9,"loc":{"start":{"line":9,"column":4},"end":{"line":16,"column":5}},"locations":[{"start":{"line":9,"column":4},"end":{"line":16,"column":5}}]},"2":{"type":"branch","line":10,"loc":{"start":{"line":10,"column":29},"end":{"line":12,"column":9}},"locations":[{"start":{"line":10,"column":29},"end":{"line":12,"column":9}}]},"3":{"type":"branch","line":13,"loc":{"start":{"line":13,"column":27},"end":{"line":15,"column":9}},"locations":[{"start":{"line":13,"column":27},"end":{"line":15,"column":9}}]}},"b":{"0":[2],"1":[2],"2":[0],"3":[1]},"fnMap":{"0":{"name":"Customer","decl":{"start":{"line":2,"column":4},"end":{"line":7,"column":5}},"loc":{"start":{"line":2,"column":4},"end":{"line":7,"column":5}},"line":2},"1":{"name":"validate","decl":{"start":{"line":9,"column":4},"end":{"line":16,"column":5}},"loc":{"start":{"line":9,"column":4},"end":{"line":16,"column":5}},"line":9}},"f":{"0":2,"1":2}}
}
